Running on csed-0003 in /lcrc/project/PACC/copan/amech-dev/work/project-automech-debugging/05_cl_ts_find
Process ID: 3337284
Run command: automech run

          ================================================================
          ==                        AUTOMECHANIC                        ==
          ===         Andreas Copan, Sarah Elliott, Kevin Moore,       ===
          ===            Luna Pratali Maffei, Daniel Moberg,           ===
          ===            Carlo Cavallotti, Yuri Georgievski,           ===
          ==       Ahren Jasper, Murat Keceli, Stephen Klippenstein     ==
          ================================================================

                                   _.---~-~-~~-..
               ..       __.    .-~               ~-.
               ((\     /   `}.~                     `.
                \\\\\   {     }              /     \   \\
            (\   \\\\~~       }             |       }   \\
             \`.-~-^~     }  ,-,.         |       )    \\
             (___,    ) _}  (    :        |    / /      `.
              `----._-~.     _\ \ |_       \   / /- _     -.
                     ~~----~~  \ \| ~~--~~~(  + /     ~-.   '--~.
                               /  /         \  \         `~-..__ `~__
                            __/  /          _\  )               `~~---'
                          .<___.'         .<___/  




=========================================================
HOST: csed-0003
PID: 3337284
=========================================================

=========================================================
PARSING INPUT
=========================================================

Reading files provided in the inp directory...
_pes_grp_dct output None
  FOUND run.dat
  FOUND theory.dat
  FOUND models.dat
  FOUND species.csv
  FOUND mechanism.dat
  MISSING pes_groups.dat
  FOUND species.dat
  No .xyz files for species/TSs were found.
  No active space templates for TSs were found.

Parsing input files for runtime parameters...
dat blocks {'global': '\n    kickoff = [0.1, False]\n    mc_nsamp = [True, 3, 1, 3, 300, 25]\n    hind_inc = 15.0\n    hbond_cutoffs = [4.61, 1.92]\n    \n    \n    tau_nsamp = [False, 1, 1, 1, 1, 10000]\n', 'ts_3_1_0': '\n   ts_search = pst\n   kt_pst = 4.0e-12\n   temp_pst = 300.0\n   n_pst = 6.0\n', 'ts_3_2_0': '\n   ts_search = pst\n   kt_pst = 4.0e-12\n   temp_pst = 300.0\n   n_pst = 6.0\n', 'ts_3_37_0': '\n   ts_search = pst\n   kt_pst = 4.0e-12\n   temp_pst = 300.0\n   n_pst = 6.0\n', 'ts_3_38_0': '\n   ts_search = pst\n   kt_pst = 4.0e-12\n   temp_pst = 300.0\n   n_pst = 6.0\n', 'ts_1_2_0': '\n   conf_id = [rwLf1BukoS86Q, cb81wiG1ucZEE]\n', 'ts_1_5_0': '\n   conf_id = [rXHSiLbzWoSqG, cvPZbZ1spvnDf]\n'}
dat dct {'global': {'kickoff': (0.1, False), 'mc_nsamp': (True, 3, 1, 3, 300, 25), 'hind_inc': 15.0, 'hbond_cutoffs': (4.61, 1.92), 'tau_nsamp': (False, 1, 1, 1, 1, 10000)}, 'ts_3_1_0': {'ts_search': 'pst', 'kt_pst': 4e-12, 'temp_pst': 300.0, 'n_pst': 6.0}, 'ts_3_2_0': {'ts_search': 'pst', 'kt_pst': 4e-12, 'temp_pst': 300.0, 'n_pst': 6.0}, 'ts_3_37_0': {'ts_search': 'pst', 'kt_pst': 4e-12, 'temp_pst': 300.0, 'n_pst': 6.0}, 'ts_3_38_0': {'ts_search': 'pst', 'kt_pst': 4e-12, 'temp_pst': 300.0, 'n_pst': 6.0}, 'ts_1_2_0': {'conf_id': ('rwLf1BukoS86Q', 'cb81wiG1ucZEE')}, 'ts_1_5_0': {'conf_id': ('rXHSiLbzWoSqG', 'cvPZbZ1spvnDf')}}
No # pes.subpes.channel comment type found in mech: resorting ...
reminder: ! pes.subpes.channel format does not work!! # mandatory
*ktp dct vals not found - derived for sorting purposes derived at [300:10:2010] K at 1 atm
   C4H7ORvE0BQ0 = C4H7O4H70BQZ             # fml.pes.subpes.channel C4H7O1.1.1.1
   C4H7ORvE0BQ0 = C4H7O4H70BQE             # fml.pes.subpes.channel C4H7O1.1.1.2
   C4H7ORvE0BQ0 = C3H4O-P55WKw + CH3       # fml.pes.subpes.channel C4H7O1.1.1.3
   C4H7ORvE4fmAB0 = C4H7O4H74fm1           # fml.pes.subpes.channel C4H7O1.1.2.4
   C4H7ORvE4fmAB0 = C4H7O-kSV4fm           # fml.pes.subpes.channel C4H7O1.1.2.5
   C4H7ORvE4fmAA0 = C4H7O4H74fm0           # fml.pes.subpes.channel C4H7O1.1.2.6
   C4H7ORvE4fmAA0 = C4H7O-kSV4fm           # fml.pes.subpes.channel C4H7O1.1.2.7
   C4H8ORvEsWvAA0 + OH = C4H7ORvE0BQ0 + H2O# fml.pes.subpes.channel C4H9O2.2.1.1
   C4H8ORvEsWvAA0 + OH = C4H7ORvE4fmAA0 + H2O# fml.pes.subpes.channel C4H9O2.2.2.2
   C4H8ORvEsWvAB + OH = C4H7ORvE0BQ0 + H2O # fml.pes.subpes.channel C4H9O2.2.3.3
   C4H8ORvEsWvAB + OH = C4H7ORvE4fmAB0 + H2O# fml.pes.subpes.channel C4H9O2.2.4.4
   C4H7ORvE4fmAB1 + O2-S58TcY = C4H7O3-0vR8pfAB0# fml.pes.subpes.channel C4H7O3.3.1.1
   C4H7ORvE4fmAA0 + O2-S58TcY = C4H7O3-0vR8pfAA0# fml.pes.subpes.channel C4H7O3.3.1.2
   C4H7O30vRsim0 = C4H7O3-aiQBlaZ          # fml.pes.subpes.channel C4H7O3.3.1.3
   C4H7O30vRsim0 = C4H7O3-aiQBlaE          # fml.pes.subpes.channel C4H7O3.3.1.4
   C4H7O30vRsim0 = C4H6O2-uEU6xFAB0 + OH   # fml.pes.subpes.channel C4H7O3.3.1.5
   C4H7O30vRsim0 = C4H6O2-uEU6xFAA0 + OH   # fml.pes.subpes.channel C4H7O3.3.1.6
   C4H7O30vRsim0 = C3H4O-P55WKw + CH3O2QOOH-2LTQF7# fml.pes.subpes.channel C4H7O3.3.1.7
   C4H7O30vRPs7AB0 = C4H7O3-tIYLi0         # fml.pes.subpes.channel C4H7O3.3.1.8
   C4H7O30vRPs7AB0 = C4H7O3-rtmoOQ0        # fml.pes.subpes.channel C4H7O3.3.1.9
   C4H7O30vRPs7AA0 = C4H7O3-tIYLi0         # fml.pes.subpes.channel C4H7O3.3.1.10
   C4H7O30vRPs7AA0 = C4H7O3-rtmoOQ1        # fml.pes.subpes.channel C4H7O3.3.1.11
   C4H7O30vRN0EAB0 = C4H7O3-tIYN0EZ        # fml.pes.subpes.channel C4H7O3.3.1.12
   C4H7O30vRN0EAB0 = C4H7O3-tIYN0EE        # fml.pes.subpes.channel C4H7O3.3.1.13
   C4H7O30vRN0EAB0 = C4H7O3-aiQKk6Z0       # fml.pes.subpes.channel C4H7O3.3.1.14
   C4H7O30vRN0EAB0 = C4H7O3-aiQKk6E0       # fml.pes.subpes.channel C4H7O3.3.1.15
   C4H7O30vRN0EAB0 = C4H6O2-CLZRGeAB0 + OH # fml.pes.subpes.channel C4H7O3.3.1.16
   C4H7O30vRN0EAA0 = C4H7O3-tIYN0EZ        # fml.pes.subpes.channel C4H7O3.3.1.17
   C4H7O30vRN0EAA0 = C4H7O3-tIYN0EE        # fml.pes.subpes.channel C4H7O3.3.1.18
   C4H7O30vRN0EAA0 = C4H7O3-aiQKk6Z0       # fml.pes.subpes.channel C4H7O3.3.1.19
   C4H7O30vRN0EAA0 = C4H7O3-aiQKk6E0       # fml.pes.subpes.channel C4H7O3.3.1.20
   C4H7O30vRN0EAA0 = C4H6O2-CLZRGeAA0 + OH # fml.pes.subpes.channel C4H7O3.3.1.21
   C4H7O30vRHhi0 = C4H7O3-rtmBlaZ          # fml.pes.subpes.channel C4H7O3.3.1.22
   C4H7O30vRHhi0 = C4H7O3-rtmBlaE          # fml.pes.subpes.channel C4H7O3.3.1.23
   C4H7O30vRHhi0 = C4H6O2-q8d6xFAB0 + OH   # fml.pes.subpes.channel C4H7O3.3.1.24
   C4H7O30vRHhi0 = C4H6O2-q8d6xFAA0 + OH   # fml.pes.subpes.channel C4H7O3.3.1.25
   C4H7O30vRHhi0 = C4H6O-RvErx50 + HO2-S580KW# fml.pes.subpes.channel C4H7O3.3.1.26
   C4H7O3-0vR8pfAB0 = C4H7O30vRsim1        # fml.pes.subpes.channel C4H7O3.3.1.27
   C4H7O3-0vR8pfAB0 = C4H7O30vRPs7AB0      # fml.pes.subpes.channel C4H7O3.3.1.28
   C4H7O3-0vR8pfAB0 = C4H7O30vRN0EAB0      # fml.pes.subpes.channel C4H7O3.3.1.29
   C4H7O3-0vR8pfAB0 = C4H7O30vRHhi0        # fml.pes.subpes.channel C4H7O3.3.1.30
   C4H7O3-0vR8pfAB0 = C4H6O-RvErx50 + HO2-S580KW# fml.pes.subpes.channel C4H7O3.3.1.31
   C4H7O3-0vR8pfAA0 = C4H7O30vRsim0        # fml.pes.subpes.channel C4H7O3.3.1.32
   C4H7O3-0vR8pfAA0 = C4H7O30vRPs7AA0      # fml.pes.subpes.channel C4H7O3.3.1.33
   C4H7O3-0vR8pfAA0 = C4H7O30vRN0EAA0      # fml.pes.subpes.channel C4H7O3.3.1.34
   C4H7O3-0vR8pfAA0 = C4H7O30vRHhi0        # fml.pes.subpes.channel C4H7O3.3.1.35
   C4H7O3-0vR8pfAA0 = C4H6O-RvErx50 + HO2-S580KW# fml.pes.subpes.channel C4H7O3.3.1.36
   C4H7ORvE0BQ0 + O2-S58TcY = C4H7O3-lIr0BQAB0# fml.pes.subpes.channel C4H7O3.3.2.37
   C4H7ORvE0BQ0 + O2-S58TcY = C4H7O3-lIr0BQAA0# fml.pes.subpes.channel C4H7O3.3.2.38
   C4H7O3lIrHhiAB0 = C4H7O3-LKXYSe0        # fml.pes.subpes.channel C4H7O3.3.2.39
   C4H7O3lIrHhiAB0 = C4H7O3-KBiHhi         # fml.pes.subpes.channel C4H7O3.3.2.40
   C4H7O3lIrHhiAB0 = C4H6O2-q8d6xFAA0 + OH # fml.pes.subpes.channel C4H7O3.3.2.41
   C4H7O3lIrHhiAB0 = C4H6O-RvErx50 + HO2-S580KW# fml.pes.subpes.channel C4H7O3.3.2.42
   C4H7O3lIrHhiAA0 = C4H7O3-LKXYSe0        # fml.pes.subpes.channel C4H7O3.3.2.43
   C4H7O3lIrHhiAA0 = C4H7O3-KBiHhi         # fml.pes.subpes.channel C4H7O3.3.2.44
   C4H7O3lIrHhiAA0 = C4H6O2-q8d6xFAB0 + OH # fml.pes.subpes.channel C4H7O3.3.2.45
   C4H7O3lIrHhiAA0 = C4H6O-RvErx50 + HO2-S580KW# fml.pes.subpes.channel C4H7O3.3.2.46
   C4H7O3lIr96JAB0 = C4H7O3-rMBwIC1        # fml.pes.subpes.channel C4H7O3.3.2.47
   C4H7O3lIr96JAB0 = C4H7O3-KBi96J         # fml.pes.subpes.channel C4H7O3.3.2.48
   C4H7O3lIr96JAB0 = C4H6O2-uEU6xFAA0 + OH # fml.pes.subpes.channel C4H7O3.3.2.49
   C4H7O3lIr96JAA0 = C4H7O3-rMBwIC0        # fml.pes.subpes.channel C4H7O3.3.2.50
   C4H7O3lIr96JAA0 = C4H7O3-KBi96J         # fml.pes.subpes.channel C4H7O3.3.2.51
   C4H7O3lIr96JAA0 = C4H6O2-uEU6xFAB0 + OH # fml.pes.subpes.channel C4H7O3.3.2.52
   C4H7O3lIr1Yq0 = C4H7O3-LKXXbmZ          # fml.pes.subpes.channel C4H7O3.3.2.53
   C4H7O3lIr1Yq0 = C4H7O3-LKXXbmE          # fml.pes.subpes.channel C4H7O3.3.2.54
   C4H7O3lIr1Yq0 = C4H6O2-h6G0v8 + OH      # fml.pes.subpes.channel C4H7O3.3.2.55
   C4H7O3lIr1Yq0 = C4H6O-RvE0v8 + HO2-S580KW# fml.pes.subpes.channel C4H7O3.3.2.56
   C4H7O3-lIr0BQAB0 = C4H7O3lIrHhiAB0      # fml.pes.subpes.channel C4H7O3.3.2.57
   C4H7O3-lIr0BQAB0 = C4H7O3lIr96JAB0      # fml.pes.subpes.channel C4H7O3.3.2.58
   C4H7O3-lIr0BQAB0 = C4H7O3lIr1Yq1        # fml.pes.subpes.channel C4H7O3.3.2.59
   C4H7O3-lIr0BQAB0 = C4H6O-RvErx50 + HO2-S580KW# fml.pes.subpes.channel C4H7O3.3.2.60
   C4H7O3-lIr0BQAB0 = C4H6O-RvE0v8 + HO2-S580KW# fml.pes.subpes.channel C4H7O3.3.2.61
   C4H7O3-lIr0BQAA0 = C4H7O3lIrHhiAA0      # fml.pes.subpes.channel C4H7O3.3.2.62
   C4H7O3-lIr0BQAA0 = C4H7O3lIr96JAA0      # fml.pes.subpes.channel C4H7O3.3.2.63
   C4H7O3-lIr0BQAA0 = C4H7O3lIr1Yq0        # fml.pes.subpes.channel C4H7O3.3.2.64
   C4H7O3-lIr0BQAA0 = C4H6O-RvErx50 + HO2-S580KW# fml.pes.subpes.channel C4H7O3.3.2.65
   C4H7O3-lIr0BQAA0 = C4H6O-RvE0v8 + HO2-S580KW# fml.pes.subpes.channel C4H7O3.3.2.66
   C4H8ORvEsWvAA0 + O2-S58TcY = C4H7ORvE0BQ0 + HO2-S580KW# fml.pes.subpes.channel C4H8O3.4.1.1
   C4H8ORvEsWvAA0 + O2-S58TcY = C4H7ORvE4fmAA0 + HO2-S580KW# fml.pes.subpes.channel C4H8O3.4.2.2
   C4H8ORvEsWvAB + O2-S58TcY = C4H7ORvE0BQ0 + HO2-S580KW# fml.pes.subpes.channel C4H8O3.4.3.3
   C4H8ORvEsWvAB + O2-S58TcY = C4H7ORvE4fmAB0 + HO2-S580KW# fml.pes.subpes.channel C4H8O3.4.4.4
   C4H8ORvEsWvAA0 + HO2-S580KW = C4H7ORvE0BQ0 + H2O2-S58pAY# fml.pes.subpes.channel C4H9O3.5.1.1
   C4H8ORvEsWvAA0 + HO2-S580KW = C4H7ORvE4fmAA0 + H2O2-S58pAY# fml.pes.subpes.channel C4H9O3.5.2.2
   C4H8ORvEsWvAB + HO2-S580KW = C4H7ORvE0BQ0 + H2O2-S58pAY# fml.pes.subpes.channel C4H9O3.5.3.3
   C4H8ORvEsWvAB + HO2-S580KW = C4H7ORvE4fmAB0 + H2O2-S58pAY# fml.pes.subpes.channel C4H9O3.5.4.4
   C4H7O3-lIr0BQAA0 + HO2-S580KW = C4H8O3lIr3cEAA0 + O2-S58TcY# fml.pes.subpes.channel C4H8O5.6.1.1
   C4H7O3-lIr0BQAB0 + HO2-S580KW = C4H8O3lIr3cEAB0 + O2-S58TcY# fml.pes.subpes.channel C4H8O5.6.2.2
   C4H8ORvEsWvAA0 + CH3 = C4H7ORvE0BQ0 + CH4# fml.pes.subpes.channel C5H11O1.7.1.1
   C4H8ORvEsWvAA0 + CH3 = C4H7ORvE4fmAA0 + CH4# fml.pes.subpes.channel C5H11O1.7.2.2
   C4H8ORvEsWvAB + CH3 = C4H7ORvE0BQ0 + CH4# fml.pes.subpes.channel C5H11O1.7.3.3
   C4H8ORvEsWvAB + CH3 = C4H7ORvE4fmAB0 + CH4# fml.pes.subpes.channel C5H11O1.7.4.4
   C4H8ORvEsWvAA0 + CH3O2RO2-2LTcwB = C4H7ORvE0BQ0 + CH4O2QOOH-2LTWKw# fml.pes.subpes.channel C5H11O3.8.1.1
   C4H8ORvEsWvAA0 + CH3O2RO2-2LTcwB = C4H7ORvE4fmAA0 + CH4O2QOOH-2LTWKw# fml.pes.subpes.channel C5H11O3.8.2.2
   C4H8ORvEsWvAB + CH3O2RO2-2LTcwB = C4H7ORvE0BQ0 + CH4O2QOOH-2LTWKw# fml.pes.subpes.channel C5H11O3.8.3.3
   C4H8ORvEsWvAB + CH3O2RO2-2LTcwB = C4H7ORvE4fmAB0 + CH4O2QOOH-2LTWKw# fml.pes.subpes.channel C5H11O3.8.4.4
   C4H8ORvEsWvAA0 + Cl = C4H7ORvE0BQ0 + HCl# fml.pes.subpes.channel C4Cl1H8O1.9.1.1
   C4H8ORvEsWvAA0 + Cl = C4H7ORvE4fmAA0 + HCl# fml.pes.subpes.channel C4Cl1H8O1.9.2.2
   C4H8ORvEsWvAB + Cl = C4H7ORvE0BQ0 + HCl # fml.pes.subpes.channel C4Cl1H8O1.9.3.3
   C4H8ORvEsWvAB + Cl = C4H7ORvE4fmAB0 + HCl# fml.pes.subpes.channel C4Cl1H8O1.9.4.4

Final check if all required input provided...

Building the base Run-Save filesystems at
        ./run
        ./save

=========================================================
ESDRIVER
Sarah Elliott, Andreas Copan, Kevin Moore,
Carlo Cavolotti, Stephen Klippenstein
=========================================================
=========================================

Running PES 9: C4Cl1H8O1, SUB PES 3
Running Channel 3: C4H8ORvEsWvAB+Cl = C4H7ORvE0BQ0+HCl



--------------------------------------------------------------------------------------

Task: init_geom C4H8ORvEsWvAB

Options for electronic structure task:
runlvl: lvl_wbs    (wb97xd/6-31g*)
inplvl: lvl_wbs    (wb97xd/6-31g*)
retryfail: True    
overwrite: False    



  - Initial geometry found and saved previously in /lcrc/project/PACC/copan/amech-dev/work/project-automech-debugging/05_cl_ts_find/save/SPC/C4H8O/PQXKWPLDPFFDJP/0/1/ZXZARUISSA-N/u-ulpJR/CONFS/rX7wxprWiFdPa/cDTT2RtAfFGI7

--- END TASK ------------------------------------------------------------------------------



--------------------------------------------------------------------------------------

Task: init_geom Cl

Options for electronic structure task:
runlvl: lvl_wbs    (wb97xd/6-31g*)
inplvl: lvl_wbs    (wb97xd/6-31g*)
retryfail: True    
overwrite: False    



  - Initial geometry found and saved previously in /lcrc/project/PACC/copan/amech-dev/work/project-automech-debugging/05_cl_ts_find/save/SPC/Cl/ZAMOUSCENKQFHK/0/2/UHFFFAOYSA-N/u-ulpJU/CONFS/r7mQTeYa-wLwy/cZZX4NjEKYiUk

--- END TASK ------------------------------------------------------------------------------



--------------------------------------------------------------------------------------

Task: init_geom C4H7ORvE0BQ0

Options for electronic structure task:
runlvl: lvl_wbs    (wb97xd/6-31g*)
inplvl: lvl_wbs    (wb97xd/6-31g*)
retryfail: True    
overwrite: False    



  - Initial geometry found and saved previously in /lcrc/project/PACC/copan/amech-dev/work/project-automech-debugging/05_cl_ts_find/save/SPC/C4H7O/KLYQZSTZDPBCEU/0/2/VKHMYHEASA-N/u-ulpJU/CONFS/r-13SVsuCG985/cVjwFIsfMarUK

--- END TASK ------------------------------------------------------------------------------



--------------------------------------------------------------------------------------

Task: init_geom HCl

Options for electronic structure task:
runlvl: lvl_wbs    (wb97xd/6-31g*)
inplvl: lvl_wbs    (wb97xd/6-31g*)
retryfail: True    
overwrite: False    



  - Initial geometry found and saved previously in /lcrc/project/PACC/copan/amech-dev/work/project-automech-debugging/05_cl_ts_find/save/SPC/ClH/VEXZGXHMUGYJMC/0/1/UHFFFAOYSA-N/u-ulpJR/CONFS/rO7enMIfnjtG_/c4vkWSUI004DC

--- END TASK ------------------------------------------------------------------------------

Tasks for transition states requested...
Identifying reaction classes for transition states...

  Preparing TS for PES-Channel 9-3 : C4H8ORvEsWvAB+Cl = C4H7ORvE0BQ0+HCl
    User requested forward direction.
    Running reaction as: C4H8ORvEsWvAB+Cl = C4H7ORvE0BQ0+HCl
    Trying to find class info from fileysystem...
    No info found. Identifying class...
    Reaction ID from geometries from SAVE filesys
     - reactant 1: /lcrc/project/PACC/copan/amech-dev/work/project-automech-debugging/05_cl_ts_find/save/SPC/C4H8O/PQXKWPLDPFFDJP/0/1/ZXZARUISSA-N/u-ulpJR/CONFS/rX7wxprWiFdPa/cDTT2RtAfFGI7/geom.xyz
     - reactant 2: /lcrc/project/PACC/copan/amech-dev/work/project-automech-debugging/05_cl_ts_find/save/SPC/Cl/ZAMOUSCENKQFHK/0/2/UHFFFAOYSA-N/u-ulpJU/CONFS/r7mQTeYa-wLwy/cZZX4NjEKYiUk/geom.xyz
     - product 1: /lcrc/project/PACC/copan/amech-dev/work/project-automech-debugging/05_cl_ts_find/save/SPC/C4H7O/KLYQZSTZDPBCEU/0/2/VKHMYHEASA-N/u-ulpJU/CONFS/r-13SVsuCG985/cVjwFIsfMarUK/geom.xyz
     - product 2: /lcrc/project/PACC/copan/amech-dev/work/project-automech-debugging/05_cl_ts_find/save/SPC/ClH/VEXZGXHMUGYJMC/0/1/UHFFFAOYSA-N/u-ulpJR/CONFS/rO7enMIfnjtG_/c4vkWSUI004DC/geom.xyz
    Reaction class identified as: high-spin hydrogen abstraction
    There are 1 configuration(s) of transition state



--------------------------------------------------------------------------------------

Task: find_ts ts_9_3_0

Options for electronic structure task:
runlvl: lvl_wbs    (wb97xd/6-31g*)
inplvl: lvl_wbs    (wb97xd/6-31g*)
retryfail: True    
overwrite: False    
var_splvl1: None    
var_splvl2: None    
var_scnlvl: None    
nobarrier: None    
varecof_nprocs: 10    



No conformers located in /lcrc/project/PACC/copan/amech-dev/work/project-automech-debugging/05_cl_ts_find/save/RXN/C4H7O.ClH/LDWMUHCKAHUBHY/0_0/2_1/DFWYDOINSA-N/C4H8O.Cl/YVAVETQEMWSGBK/0_0/1_2/HKTIBRIUSA-N/2/u-ulpJU/TS/00/CONFS
No conformers located in /lcrc/project/PACC/copan/amech-dev/work/project-automech-debugging/05_cl_ts_find/save/RXN/C4H7O.ClH/LDWMUHCKAHUBHY/0_0/2_1/DFWYDOINSA-N/C4H8O.Cl/YVAVETQEMWSGBK/0_0/1_2/HKTIBRIUSA-N/2/u-ulpJU/TS/00/CONFS
No TS finding algorithm requested by the user.

Reaction is either mol-rad or high-spin radical-radical.
Assuming reaction has saddle point on potential surface...
Finding the geometry of the saddle point...

Searching save filesys for Z-Matrix calculated at runlvl level...

Searching save filesys for Z-Matrix calculated at inplvl level...

Since no transition state found in filesys at lvl_wbs level proceeding to find it...

No optimization job of TS conformer found in RUN filesys to save
zma in search
 C  
C  0    R1 
C  0    R2  1    A2 
H  0    R3  1    A3  2    D3 
O  2    R4  0    A4  1    D4 
C  2    R5  0    A5  4    D5 
H  2    R6  0    A6  4    D6 
H  1    R7  0    A7  2    D7 
H  1    R8  0    A8  7    D8 
H  1    R9  0    A9  7    D9 
H  5   R10  2   A10  0   D10 
H  5   R11  2   A11  10   D11 
H  5   R12  2   A12  10   D12 
X  6   R13  2   A13  0   D13 
Cl 6   R14  13   A14  2   D14 

R1   =   1.506126
R2   =   1.470395
R3   =   1.092686
R4   =   1.425521
R5   =   1.506009
R6   =   1.092689
R7   =   1.095411
R8   =   1.094889
R9   =   1.092109
R10  =   1.092128
R11  =   1.095488
R12  =   1.094789
R13  =   1.000000
R14  =   1.645875
A2   = 124.831738
A3   = 114.045506
A4   =  58.947952
A5   = 124.821021
A6   = 116.299195
A7   = 110.330349
A8   = 109.908955
A9   = 111.890003
A10  = 111.897214
A11  = 110.309700
A12  = 109.925919
A13  =  90.000000
A14  =  90.000000
D3   = 205.647769
D4   = 103.676553
D5   = 256.287615
D6   = 102.443857
D7   =  95.022493
D8   = 119.007464
D9   = 238.781173
D10  =  25.848504
D11  = 238.874036
D12  = 119.838032
D13  =  89.984202
D14  = 180.000000
Need to run scans
coord grids in run scan (array([2.50388712, 2.62536951, 2.7468519 , 2.8683343 , 2.98981669,
       3.11129909, 3.23278148, 3.35426387]),)
Running Scan Point 1/8:
 - Running optimization job at /lcrc/project/PACC/copan/amech-dev/work/project-automech-debugging/05_cl_ts_find/run/RXN/C4H7O.ClH/LDWMUHCKAHUBHY/0_0/2_1/DFWYDOINSA-N/C4H8O.Cl/YVAVETQEMWSGBK/0_0/1_2/HKTIBRIUSA-N/2/u-ulpJU/TS/00/Z/00/SCANS/R14/2.50/RUN/OPTI
 - Run succeeded.
 - Reading successful output...
Running Scan Point 2/8:
 - Running optimization job at /lcrc/project/PACC/copan/amech-dev/work/project-automech-debugging/05_cl_ts_find/run/RXN/C4H7O.ClH/LDWMUHCKAHUBHY/0_0/2_1/DFWYDOINSA-N/C4H8O.Cl/YVAVETQEMWSGBK/0_0/1_2/HKTIBRIUSA-N/2/u-ulpJU/TS/00/Z/00/SCANS/R14/2.63/RUN/OPTI
 - Run succeeded.
 - Reading successful output...
Running Scan Point 3/8:
 - Running optimization job at /lcrc/project/PACC/copan/amech-dev/work/project-automech-debugging/05_cl_ts_find/run/RXN/C4H7O.ClH/LDWMUHCKAHUBHY/0_0/2_1/DFWYDOINSA-N/C4H8O.Cl/YVAVETQEMWSGBK/0_0/1_2/HKTIBRIUSA-N/2/u-ulpJU/TS/00/Z/00/SCANS/R14/2.75/RUN/OPTI
 - Run succeeded.
 - Reading successful output...
Running Scan Point 4/8:
 - Running optimization job at /lcrc/project/PACC/copan/amech-dev/work/project-automech-debugging/05_cl_ts_find/run/RXN/C4H7O.ClH/LDWMUHCKAHUBHY/0_0/2_1/DFWYDOINSA-N/C4H8O.Cl/YVAVETQEMWSGBK/0_0/1_2/HKTIBRIUSA-N/2/u-ulpJU/TS/00/Z/00/SCANS/R14/2.87/RUN/OPTI
 - Run succeeded.
 - Reading successful output...
Running Scan Point 5/8:
 - Running optimization job at /lcrc/project/PACC/copan/amech-dev/work/project-automech-debugging/05_cl_ts_find/run/RXN/C4H7O.ClH/LDWMUHCKAHUBHY/0_0/2_1/DFWYDOINSA-N/C4H8O.Cl/YVAVETQEMWSGBK/0_0/1_2/HKTIBRIUSA-N/2/u-ulpJU/TS/00/Z/00/SCANS/R14/2.99/RUN/OPTI
 - Run succeeded.
 - Reading successful output...
Running Scan Point 6/8:
 - Running optimization job at /lcrc/project/PACC/copan/amech-dev/work/project-automech-debugging/05_cl_ts_find/run/RXN/C4H7O.ClH/LDWMUHCKAHUBHY/0_0/2_1/DFWYDOINSA-N/C4H8O.Cl/YVAVETQEMWSGBK/0_0/1_2/HKTIBRIUSA-N/2/u-ulpJU/TS/00/Z/00/SCANS/R14/3.11/RUN/OPTI
 - Run succeeded.
 - Reading successful output...
Running Scan Point 7/8:
 - Running optimization job at /lcrc/project/PACC/copan/amech-dev/work/project-automech-debugging/05_cl_ts_find/run/RXN/C4H7O.ClH/LDWMUHCKAHUBHY/0_0/2_1/DFWYDOINSA-N/C4H8O.Cl/YVAVETQEMWSGBK/0_0/1_2/HKTIBRIUSA-N/2/u-ulpJU/TS/00/Z/00/SCANS/R14/3.23/RUN/OPTI
 - Run succeeded.
 - Reading successful output...
Running Scan Point 8/8:
 - Running optimization job at /lcrc/project/PACC/copan/amech-dev/work/project-automech-debugging/05_cl_ts_find/run/RXN/C4H7O.ClH/LDWMUHCKAHUBHY/0_0/2_1/DFWYDOINSA-N/C4H8O.Cl/YVAVETQEMWSGBK/0_0/1_2/HKTIBRIUSA-N/2/u-ulpJU/TS/00/Z/00/SCANS/R14/3.35/RUN/OPTI
 - Run succeeded.
 - Reading successful output...

Saving any newly run scans in run filesys...
Reading from scan run at /lcrc/project/PACC/copan/amech-dev/work/project-automech-debugging/05_cl_ts_find/run/RXN/C4H7O.ClH/LDWMUHCKAHUBHY/0_0/2_1/DFWYDOINSA-N/C4H8O.Cl/YVAVETQEMWSGBK/0_0/1_2/HKTIBRIUSA-N/2/u-ulpJU/TS/00/Z/00/SCANS/R14/2.50
 - Reading successful output...
 - Reading geometry from output...
 - Saving at /lcrc/project/PACC/copan/amech-dev/work/project-automech-debugging/05_cl_ts_find/save/RXN/C4H7O.ClH/LDWMUHCKAHUBHY/0_0/2_1/DFWYDOINSA-N/C4H8O.Cl/YVAVETQEMWSGBK/0_0/1_2/HKTIBRIUSA-N/2/u-ulpJU/TS/00/Z/00/SCANS/R14/2.50
 - Reading Z-Matrix from output...
using opt geo fro zma
Resetting ZMA coords using opt geoms...
 - Saving at /lcrc/project/PACC/copan/amech-dev/work/project-automech-debugging/05_cl_ts_find/save/RXN/C4H7O.ClH/LDWMUHCKAHUBHY/0_0/2_1/DFWYDOINSA-N/C4H8O.Cl/YVAVETQEMWSGBK/0_0/1_2/HKTIBRIUSA-N/2/u-ulpJU/TS/00/Z/00/SCANS/R14/2.50
 - Reading energy from output...
 - Saving at /lcrc/project/PACC/copan/amech-dev/work/project-automech-debugging/05_cl_ts_find/save/RXN/C4H7O.ClH/LDWMUHCKAHUBHY/0_0/2_1/DFWYDOINSA-N/C4H8O.Cl/YVAVETQEMWSGBK/0_0/1_2/HKTIBRIUSA-N/2/u-ulpJU/TS/00/Z/00/SCANS/R14/2.50/SP/u-ulpJU
Reading from scan run at /lcrc/project/PACC/copan/amech-dev/work/project-automech-debugging/05_cl_ts_find/run/RXN/C4H7O.ClH/LDWMUHCKAHUBHY/0_0/2_1/DFWYDOINSA-N/C4H8O.Cl/YVAVETQEMWSGBK/0_0/1_2/HKTIBRIUSA-N/2/u-ulpJU/TS/00/Z/00/SCANS/R14/2.63
 - Reading successful output...
 - Reading geometry from output...
 - Saving at /lcrc/project/PACC/copan/amech-dev/work/project-automech-debugging/05_cl_ts_find/save/RXN/C4H7O.ClH/LDWMUHCKAHUBHY/0_0/2_1/DFWYDOINSA-N/C4H8O.Cl/YVAVETQEMWSGBK/0_0/1_2/HKTIBRIUSA-N/2/u-ulpJU/TS/00/Z/00/SCANS/R14/2.63
 - Reading Z-Matrix from output...
using opt geo fro zma
Resetting ZMA coords using opt geoms...
 - Saving at /lcrc/project/PACC/copan/amech-dev/work/project-automech-debugging/05_cl_ts_find/save/RXN/C4H7O.ClH/LDWMUHCKAHUBHY/0_0/2_1/DFWYDOINSA-N/C4H8O.Cl/YVAVETQEMWSGBK/0_0/1_2/HKTIBRIUSA-N/2/u-ulpJU/TS/00/Z/00/SCANS/R14/2.63
 - Reading energy from output...
 - Saving at /lcrc/project/PACC/copan/amech-dev/work/project-automech-debugging/05_cl_ts_find/save/RXN/C4H7O.ClH/LDWMUHCKAHUBHY/0_0/2_1/DFWYDOINSA-N/C4H8O.Cl/YVAVETQEMWSGBK/0_0/1_2/HKTIBRIUSA-N/2/u-ulpJU/TS/00/Z/00/SCANS/R14/2.63/SP/u-ulpJU
Reading from scan run at /lcrc/project/PACC/copan/amech-dev/work/project-automech-debugging/05_cl_ts_find/run/RXN/C4H7O.ClH/LDWMUHCKAHUBHY/0_0/2_1/DFWYDOINSA-N/C4H8O.Cl/YVAVETQEMWSGBK/0_0/1_2/HKTIBRIUSA-N/2/u-ulpJU/TS/00/Z/00/SCANS/R14/2.75
 - Reading successful output...
 - Reading geometry from output...
 - Saving at /lcrc/project/PACC/copan/amech-dev/work/project-automech-debugging/05_cl_ts_find/save/RXN/C4H7O.ClH/LDWMUHCKAHUBHY/0_0/2_1/DFWYDOINSA-N/C4H8O.Cl/YVAVETQEMWSGBK/0_0/1_2/HKTIBRIUSA-N/2/u-ulpJU/TS/00/Z/00/SCANS/R14/2.75
 - Reading Z-Matrix from output...
using opt geo fro zma
Resetting ZMA coords using opt geoms...
 - Saving at /lcrc/project/PACC/copan/amech-dev/work/project-automech-debugging/05_cl_ts_find/save/RXN/C4H7O.ClH/LDWMUHCKAHUBHY/0_0/2_1/DFWYDOINSA-N/C4H8O.Cl/YVAVETQEMWSGBK/0_0/1_2/HKTIBRIUSA-N/2/u-ulpJU/TS/00/Z/00/SCANS/R14/2.75
 - Reading energy from output...
 - Saving at /lcrc/project/PACC/copan/amech-dev/work/project-automech-debugging/05_cl_ts_find/save/RXN/C4H7O.ClH/LDWMUHCKAHUBHY/0_0/2_1/DFWYDOINSA-N/C4H8O.Cl/YVAVETQEMWSGBK/0_0/1_2/HKTIBRIUSA-N/2/u-ulpJU/TS/00/Z/00/SCANS/R14/2.75/SP/u-ulpJU
Reading from scan run at /lcrc/project/PACC/copan/amech-dev/work/project-automech-debugging/05_cl_ts_find/run/RXN/C4H7O.ClH/LDWMUHCKAHUBHY/0_0/2_1/DFWYDOINSA-N/C4H8O.Cl/YVAVETQEMWSGBK/0_0/1_2/HKTIBRIUSA-N/2/u-ulpJU/TS/00/Z/00/SCANS/R14/2.87
 - Reading successful output...
 - Reading geometry from output...
 - Saving at /lcrc/project/PACC/copan/amech-dev/work/project-automech-debugging/05_cl_ts_find/save/RXN/C4H7O.ClH/LDWMUHCKAHUBHY/0_0/2_1/DFWYDOINSA-N/C4H8O.Cl/YVAVETQEMWSGBK/0_0/1_2/HKTIBRIUSA-N/2/u-ulpJU/TS/00/Z/00/SCANS/R14/2.87
 - Reading Z-Matrix from output...
using opt geo fro zma
Resetting ZMA coords using opt geoms...
 - Saving at /lcrc/project/PACC/copan/amech-dev/work/project-automech-debugging/05_cl_ts_find/save/RXN/C4H7O.ClH/LDWMUHCKAHUBHY/0_0/2_1/DFWYDOINSA-N/C4H8O.Cl/YVAVETQEMWSGBK/0_0/1_2/HKTIBRIUSA-N/2/u-ulpJU/TS/00/Z/00/SCANS/R14/2.87
 - Reading energy from output...
 - Saving at /lcrc/project/PACC/copan/amech-dev/work/project-automech-debugging/05_cl_ts_find/save/RXN/C4H7O.ClH/LDWMUHCKAHUBHY/0_0/2_1/DFWYDOINSA-N/C4H8O.Cl/YVAVETQEMWSGBK/0_0/1_2/HKTIBRIUSA-N/2/u-ulpJU/TS/00/Z/00/SCANS/R14/2.87/SP/u-ulpJU
Reading from scan run at /lcrc/project/PACC/copan/amech-dev/work/project-automech-debugging/05_cl_ts_find/run/RXN/C4H7O.ClH/LDWMUHCKAHUBHY/0_0/2_1/DFWYDOINSA-N/C4H8O.Cl/YVAVETQEMWSGBK/0_0/1_2/HKTIBRIUSA-N/2/u-ulpJU/TS/00/Z/00/SCANS/R14/2.99
 - Reading successful output...
 - Reading geometry from output...
 - Saving at /lcrc/project/PACC/copan/amech-dev/work/project-automech-debugging/05_cl_ts_find/save/RXN/C4H7O.ClH/LDWMUHCKAHUBHY/0_0/2_1/DFWYDOINSA-N/C4H8O.Cl/YVAVETQEMWSGBK/0_0/1_2/HKTIBRIUSA-N/2/u-ulpJU/TS/00/Z/00/SCANS/R14/2.99
 - Reading Z-Matrix from output...
using opt geo fro zma
Resetting ZMA coords using opt geoms...
 - Saving at /lcrc/project/PACC/copan/amech-dev/work/project-automech-debugging/05_cl_ts_find/save/RXN/C4H7O.ClH/LDWMUHCKAHUBHY/0_0/2_1/DFWYDOINSA-N/C4H8O.Cl/YVAVETQEMWSGBK/0_0/1_2/HKTIBRIUSA-N/2/u-ulpJU/TS/00/Z/00/SCANS/R14/2.99
 - Reading energy from output...
 - Saving at /lcrc/project/PACC/copan/amech-dev/work/project-automech-debugging/05_cl_ts_find/save/RXN/C4H7O.ClH/LDWMUHCKAHUBHY/0_0/2_1/DFWYDOINSA-N/C4H8O.Cl/YVAVETQEMWSGBK/0_0/1_2/HKTIBRIUSA-N/2/u-ulpJU/TS/00/Z/00/SCANS/R14/2.99/SP/u-ulpJU
Reading from scan run at /lcrc/project/PACC/copan/amech-dev/work/project-automech-debugging/05_cl_ts_find/run/RXN/C4H7O.ClH/LDWMUHCKAHUBHY/0_0/2_1/DFWYDOINSA-N/C4H8O.Cl/YVAVETQEMWSGBK/0_0/1_2/HKTIBRIUSA-N/2/u-ulpJU/TS/00/Z/00/SCANS/R14/3.11
 - Reading successful output...
 - Reading geometry from output...
 - Saving at /lcrc/project/PACC/copan/amech-dev/work/project-automech-debugging/05_cl_ts_find/save/RXN/C4H7O.ClH/LDWMUHCKAHUBHY/0_0/2_1/DFWYDOINSA-N/C4H8O.Cl/YVAVETQEMWSGBK/0_0/1_2/HKTIBRIUSA-N/2/u-ulpJU/TS/00/Z/00/SCANS/R14/3.11
 - Reading Z-Matrix from output...
using opt geo fro zma
Resetting ZMA coords using opt geoms...
 - Saving at /lcrc/project/PACC/copan/amech-dev/work/project-automech-debugging/05_cl_ts_find/save/RXN/C4H7O.ClH/LDWMUHCKAHUBHY/0_0/2_1/DFWYDOINSA-N/C4H8O.Cl/YVAVETQEMWSGBK/0_0/1_2/HKTIBRIUSA-N/2/u-ulpJU/TS/00/Z/00/SCANS/R14/3.11
 - Reading energy from output...
 - Saving at /lcrc/project/PACC/copan/amech-dev/work/project-automech-debugging/05_cl_ts_find/save/RXN/C4H7O.ClH/LDWMUHCKAHUBHY/0_0/2_1/DFWYDOINSA-N/C4H8O.Cl/YVAVETQEMWSGBK/0_0/1_2/HKTIBRIUSA-N/2/u-ulpJU/TS/00/Z/00/SCANS/R14/3.11/SP/u-ulpJU
Reading from scan run at /lcrc/project/PACC/copan/amech-dev/work/project-automech-debugging/05_cl_ts_find/run/RXN/C4H7O.ClH/LDWMUHCKAHUBHY/0_0/2_1/DFWYDOINSA-N/C4H8O.Cl/YVAVETQEMWSGBK/0_0/1_2/HKTIBRIUSA-N/2/u-ulpJU/TS/00/Z/00/SCANS/R14/3.23
 - Reading successful output...
 - Reading geometry from output...
 - Saving at /lcrc/project/PACC/copan/amech-dev/work/project-automech-debugging/05_cl_ts_find/save/RXN/C4H7O.ClH/LDWMUHCKAHUBHY/0_0/2_1/DFWYDOINSA-N/C4H8O.Cl/YVAVETQEMWSGBK/0_0/1_2/HKTIBRIUSA-N/2/u-ulpJU/TS/00/Z/00/SCANS/R14/3.23
 - Reading Z-Matrix from output...
using opt geo fro zma
Resetting ZMA coords using opt geoms...
 - Saving at /lcrc/project/PACC/copan/amech-dev/work/project-automech-debugging/05_cl_ts_find/save/RXN/C4H7O.ClH/LDWMUHCKAHUBHY/0_0/2_1/DFWYDOINSA-N/C4H8O.Cl/YVAVETQEMWSGBK/0_0/1_2/HKTIBRIUSA-N/2/u-ulpJU/TS/00/Z/00/SCANS/R14/3.23
 - Reading energy from output...
 - Saving at /lcrc/project/PACC/copan/amech-dev/work/project-automech-debugging/05_cl_ts_find/save/RXN/C4H7O.ClH/LDWMUHCKAHUBHY/0_0/2_1/DFWYDOINSA-N/C4H8O.Cl/YVAVETQEMWSGBK/0_0/1_2/HKTIBRIUSA-N/2/u-ulpJU/TS/00/Z/00/SCANS/R14/3.23/SP/u-ulpJU
Reading from scan run at /lcrc/project/PACC/copan/amech-dev/work/project-automech-debugging/05_cl_ts_find/run/RXN/C4H7O.ClH/LDWMUHCKAHUBHY/0_0/2_1/DFWYDOINSA-N/C4H8O.Cl/YVAVETQEMWSGBK/0_0/1_2/HKTIBRIUSA-N/2/u-ulpJU/TS/00/Z/00/SCANS/R14/3.35
 - Reading successful output...
 - Reading geometry from output...
 - Saving at /lcrc/project/PACC/copan/amech-dev/work/project-automech-debugging/05_cl_ts_find/save/RXN/C4H7O.ClH/LDWMUHCKAHUBHY/0_0/2_1/DFWYDOINSA-N/C4H8O.Cl/YVAVETQEMWSGBK/0_0/1_2/HKTIBRIUSA-N/2/u-ulpJU/TS/00/Z/00/SCANS/R14/3.35
 - Reading Z-Matrix from output...
using opt geo fro zma
Resetting ZMA coords using opt geoms...
 - Saving at /lcrc/project/PACC/copan/amech-dev/work/project-automech-debugging/05_cl_ts_find/save/RXN/C4H7O.ClH/LDWMUHCKAHUBHY/0_0/2_1/DFWYDOINSA-N/C4H8O.Cl/YVAVETQEMWSGBK/0_0/1_2/HKTIBRIUSA-N/2/u-ulpJU/TS/00/Z/00/SCANS/R14/3.35
 - Reading energy from output...
 - Saving at /lcrc/project/PACC/copan/amech-dev/work/project-automech-debugging/05_cl_ts_find/save/RXN/C4H7O.ClH/LDWMUHCKAHUBHY/0_0/2_1/DFWYDOINSA-N/C4H8O.Cl/YVAVETQEMWSGBK/0_0/1_2/HKTIBRIUSA-N/2/u-ulpJU/TS/00/Z/00/SCANS/R14/3.35/SP/u-ulpJU
Updating scan trajectory file at /lcrc/project/PACC/copan/amech-dev/work/project-automech-debugging/05_cl_ts_find/save/RXN/C4H7O.ClH/LDWMUHCKAHUBHY/0_0/2_1/DFWYDOINSA-N/C4H8O.Cl/YVAVETQEMWSGBK/0_0/1_2/HKTIBRIUSA-N/2/u-ulpJU/TS/00/Z/00/SCANS/R14/scan.t.xyz
Assessing scan for a potential maxima...
  - Found max at R14 = 1.32

Attempting to get optimized TS from guess Z-Matrices

There are 1 guess Z-Matrices to attempt to find saddle point.

Optimizing guess Z-Matrix 1...
 - Running optimization job at /lcrc/project/PACC/copan/amech-dev/work/project-automech-debugging/05_cl_ts_find/run/RXN/C4H7O.ClH/LDWMUHCKAHUBHY/0_0/2_1/DFWYDOINSA-N/C4H8O.Cl/YVAVETQEMWSGBK/0_0/1_2/HKTIBRIUSA-N/2/u-ulpJU/TS/00/CONFS/rlwRblIgJTE4-/csogGwgqZGCFz/RUN/OPTI
  - Failure: Now trying with options {}  (5 attempts in sequence remaining)
  - Using optimized geometry from previous job
 - Run succeeded.
 - Reading successful output...
 - Running hessian job at /lcrc/project/PACC/copan/amech-dev/work/project-automech-debugging/05_cl_ts_find/run/RXN/C4H7O.ClH/LDWMUHCKAHUBHY/0_0/2_1/DFWYDOINSA-N/C4H8O.Cl/YVAVETQEMWSGBK/0_0/1_2/HKTIBRIUSA-N/2/u-ulpJU/TS/00/CONFS/rlwRblIgJTE4-/csogGwgqZGCFz/RUN/HESS
 - Run succeeded.
 - Reading successful output...
Resetting ZMA coords using opt geoms...
Checking the imaginary frequencies of the saddle point...
Debug:  Mode 1 277.24 cm-1 is likely fine,
 - Reading geometry from output...
 - Saving at /lcrc/project/PACC/copan/amech-dev/work/project-automech-debugging/05_cl_ts_find/save/RXN/C4H7O.ClH/LDWMUHCKAHUBHY/0_0/2_1/DFWYDOINSA-N/C4H8O.Cl/YVAVETQEMWSGBK/0_0/1_2/HKTIBRIUSA-N/2/u-ulpJU/TS/00/CONFS/rlwRblIgJTE4-/csogGwgqZGCFz
 - Reading Z-Matrix from output...
 - Saving at /lcrc/project/PACC/copan/amech-dev/work/project-automech-debugging/05_cl_ts_find/save/RXN/C4H7O.ClH/LDWMUHCKAHUBHY/0_0/2_1/DFWYDOINSA-N/C4H8O.Cl/YVAVETQEMWSGBK/0_0/1_2/HKTIBRIUSA-N/2/u-ulpJU/TS/00/CONFS/rlwRblIgJTE4-/csogGwgqZGCFz/Z/00
 - Reading energy from output...
 - Saving at /lcrc/project/PACC/copan/amech-dev/work/project-automech-debugging/05_cl_ts_find/save/RXN/C4H7O.ClH/LDWMUHCKAHUBHY/0_0/2_1/DFWYDOINSA-N/C4H8O.Cl/YVAVETQEMWSGBK/0_0/1_2/HKTIBRIUSA-N/2/u-ulpJU/TS/00/CONFS/rlwRblIgJTE4-/csogGwgqZGCFz/SP/u-ulpJU
 - Reading hessian and harmonic frequencies from output...
 - Saving at /lcrc/project/PACC/copan/amech-dev/work/project-automech-debugging/05_cl_ts_find/save/RXN/C4H7O.ClH/LDWMUHCKAHUBHY/0_0/2_1/DFWYDOINSA-N/C4H8O.Cl/YVAVETQEMWSGBK/0_0/1_2/HKTIBRIUSA-N/2/u-ulpJU/TS/00/CONFS/rlwRblIgJTE4-/csogGwgqZGCFz
 - Rotors identified from Z-Matrix at /lcrc/project/PACC/copan/amech-dev/work/project-automech-debugging/05_cl_ts_find/save/RXN/C4H7O.ClH/LDWMUHCKAHUBHY/0_0/2_1/DFWYDOINSA-N/C4H8O.Cl/YVAVETQEMWSGBK/0_0/1_2/HKTIBRIUSA-N/2/u-ulpJU/TS/00/CONFS/rlwRblIgJTE4-/csogGwgqZGCFz/Z/00
 - Saving rotor information at same location.
 - Ring torsions identified from Z-Matrix at /lcrc/project/PACC/copan/amech-dev/work/project-automech-debugging/05_cl_ts_find/save/RXN/C4H7O.ClH/LDWMUHCKAHUBHY/0_0/2_1/DFWYDOINSA-N/C4H8O.Cl/YVAVETQEMWSGBK/0_0/1_2/HKTIBRIUSA-N/2/u-ulpJU/TS/00/CONFS/rlwRblIgJTE4-/csogGwgqZGCFz/Z/00
 - Saving ring torsions information at same location.
 - Saving Reaction Class+Graph object at /lcrc/project/PACC/copan/amech-dev/work/project-automech-debugging/05_cl_ts_find/save/RXN/C4H7O.ClH/LDWMUHCKAHUBHY/0_0/2_1/DFWYDOINSA-N/C4H8O.Cl/YVAVETQEMWSGBK/0_0/1_2/HKTIBRIUSA-N/2/u-ulpJU/TS/00/CONFS/rlwRblIgJTE4-/csogGwgqZGCFz/Z/00

--- END TASK ------------------------------------------------------------------------------

=========================================================
EXITING ESDRIVER
=========================================================





          ================================================================
          ==                    EXITING AUTOMECHANIC                    ==
          ================================================================

